Using pre-set license
Built from '2020.3/staging' branch; Version is '2020.3.11f1 (99c7afb366b3) revision 10078127'; Using compiler version '192528614'; Build Type 'Release'
OS: 'Windows 10 Pro; OS build 19042.1052; Version 2009; 64bit' Language: 'en' Physical Memory: 8059 MB
BatchMode: 1, IsHumanControllingUs: 0, StartBugReporterOnCrash: 0, Is64bit: 1, IsPro: 0

 COMMAND LINE ARGUMENTS:
C:\Program Files\Unity\Hub\Editor\2020.3.4f1\Editor\Unity.exe
-adb2
-batchMode
-noUpm
-name
AssetImportWorker0
-projectPath
C:/Users/pbriu/Documents/UnityProjects/CurvesAndSplines
-logFile
Logs/AssetImportWorker0.log
-srvPort
56113
Successfully changed project path to: C:/Users/pbriu/Documents/UnityProjects/CurvesAndSplines
C:/Users/pbriu/Documents/UnityProjects/CurvesAndSplines
Using Asset Import Pipeline V2.
Refreshing native plugins compatible for Editor in 23.09 ms, found 2 plugins.
Preloading 0 native plugins for Editor in 0.00 ms.
Initialize engine version: 2020.3.11f1 (99c7afb366b3)
[Subsystems] Discovering subsystems at path C:/Program Files/Unity/Hub/Editor/2020.3.4f1/Editor/Data/Resources/UnitySubsystems
[Subsystems] Discovering subsystems at path C:/Users/pbriu/Documents/UnityProjects/CurvesAndSplines/Assets
GfxDevice: creating device client; threaded=0
Direct3D:
    Version:  Direct3D 11.0 [level 11.1]
    Renderer: NVIDIA GeForce RTX 2060 (ID=0x1f15)
    Vendor:   
    VRAM:     5980 MB
    Driver:   27.21.14.5256
Initialize mono
Mono path[0] = 'C:/Program Files/Unity/Hub/Editor/2020.3.4f1/Editor/Data/Managed'
Mono path[1] = 'C:/Program Files/Unity/Hub/Editor/2020.3.4f1/Editor/Data/MonoBleedingEdge/lib/mono/unityjit'
Mono config path = 'C:/Program Files/Unity/Hub/Editor/2020.3.4f1/Editor/Data/MonoBleedingEdge/etc'
Using monoOptions --debugger-agent=transport=dt_socket,embedding=1,server=y,suspend=n,address=127.0.0.1:56744
Begin MonoManager ReloadAssembly
Registering precompiled unity dll's ...
Register platform support module: C:/Program Files/Unity/Hub/Editor/2020.3.4f1/Editor/Data/PlaybackEngines/WindowsStandaloneSupport/UnityEditor.WindowsStandalone.Extensions.dll
Registered in 0.001364 seconds.
Native extension for WindowsStandalone target not found
Refreshing native plugins compatible for Editor in 21.40 ms, found 2 plugins.
Preloading 0 native plugins for Editor in 0.00 ms.
Mono: successfully reloaded assembly
- Completed reload, in  0.761 seconds
Platform modules already initialized, skipping
Registering precompiled user dll's ...
Registered in 0.002674 seconds.
Begin MonoManager ReloadAssembly
Native extension for WindowsStandalone target not found
Refreshing native plugins compatible for Editor in 0.27 ms, found 2 plugins.
Preloading 0 native plugins for Editor in 0.00 ms.
Mono: successfully reloaded assembly
- Completed reload, in  0.841 seconds
Platform modules already initialized, skipping
========================================================================
Worker process is ready to serve import requests
Launched and connected shader compiler UnityShaderCompiler.exe after 0.03 seconds
Refreshing native plugins compatible for Editor in 0.26 ms, found 2 plugins.
Preloading 0 native plugins for Editor in 0.00 ms.
Unloading 1386 Unused Serialized files (Serialized files now loaded: 0)
System memory in use before: 64.6 MB.
System memory in use after: 64.7 MB.

Unloading 19 unused Assets to reduce memory usage. Loaded Objects now: 1819.
Total: 1.495000 ms (FindLiveObjects: 0.126600 ms CreateObjectMapping: 0.038600 ms MarkObjects: 1.268600 ms  DeleteObjects: 0.060200 ms)

========================================================================
Received Import Request.
  path: Assets
  artifactKey: Guid(00000000000000001000000000000000) Importer(815301076,1909f56bfc062723c751e8b465ee728b)
Start importing Assets using Guid(00000000000000001000000000000000) Importer(815301076,1909f56bfc062723c751e8b465ee728b)  -> (artifact id: '42d402b061de3733987d63b9cc3b64de') in 0.008964 seconds
  Import took 0.011460 seconds .

========================================================================
Received Import Request.
  Time since last request: 3.360624 seconds.
  path: Assets/Scripts
  artifactKey: Guid(6623468c67a1fe941976e044b601035c) Importer(815301076,1909f56bfc062723c751e8b465ee728b)
Start importing Assets/Scripts using Guid(6623468c67a1fe941976e044b601035c) Importer(815301076,1909f56bfc062723c751e8b465ee728b)  -> (artifact id: '32999f8566a6db0d7929e7bc2bf9d074') in 0.007222 seconds
  Import took 0.009961 seconds .

========================================================================
Received Import Request.
  Time since last request: 6.082179 seconds.
  path: Assets/Scripts/Line.cs
  artifactKey: Guid(e6a1a70381f55bb49b29e970890b6bd7) Importer(815301076,1909f56bfc062723c751e8b465ee728b)
Start importing Assets/Scripts/Line.cs using Guid(e6a1a70381f55bb49b29e970890b6bd7) Importer(815301076,1909f56bfc062723c751e8b465ee728b)  -> (artifact id: '42418f0161cc5b330b25d438940f4727') in 0.017153 seconds
  Import took 0.019069 seconds .

========================================================================
Received Import Request.
  Time since last request: 0.054821 seconds.
  path: Assets/Scripts/Line.cs
  artifactKey: Guid(e6a1a70381f55bb49b29e970890b6bd7) Importer(815301076,1909f56bfc062723c751e8b465ee728b)
Start importing Assets/Scripts/Line.cs using Guid(e6a1a70381f55bb49b29e970890b6bd7) Importer(815301076,1909f56bfc062723c751e8b465ee728b)  -> (artifact id: '42418f0161cc5b330b25d438940f4727') in 0.003211 seconds
  Import took 0.005873 seconds .

========================================================================
Received Prepare
Registering precompiled user dll's ...
Registered in 0.002394 seconds.
Begin MonoManager ReloadAssembly
Native extension for WindowsStandalone target not found
Refreshing native plugins compatible for Editor in 0.25 ms, found 2 plugins.
Preloading 0 native plugins for Editor in 0.00 ms.
Mono: successfully reloaded assembly
- Completed reload, in  0.747 seconds
Platform modules already initialized, skipping
Refreshing native plugins compatible for Editor in 0.26 ms, found 2 plugins.
Preloading 0 native plugins for Editor in 0.00 ms.
Unloading 1382 Unused Serialized files (Serialized files now loaded: 0)
System memory in use before: 64.6 MB.
System memory in use after: 64.7 MB.

Unloading 14 unused Assets to reduce memory usage. Loaded Objects now: 1823.
Total: 1.396000 ms (FindLiveObjects: 0.121700 ms CreateObjectMapping: 0.037800 ms MarkObjects: 1.200300 ms  DeleteObjects: 0.035500 ms)

========================================================================
Received Prepare
Registering precompiled user dll's ...
Registered in 0.003404 seconds.
Begin MonoManager ReloadAssembly
Native extension for WindowsStandalone target not found
Refreshing native plugins compatible for Editor in 0.27 ms, found 2 plugins.
Preloading 0 native plugins for Editor in 0.00 ms.
Mono: successfully reloaded assembly
- Completed reload, in  0.813 seconds
Platform modules already initialized, skipping
Refreshing native plugins compatible for Editor in 0.27 ms, found 2 plugins.
Preloading 0 native plugins for Editor in 0.00 ms.
Unloading 1382 Unused Serialized files (Serialized files now loaded: 0)
System memory in use before: 64.6 MB.
System memory in use after: 64.7 MB.

Unloading 14 unused Assets to reduce memory usage. Loaded Objects now: 1826.
Total: 1.557700 ms (FindLiveObjects: 0.129100 ms CreateObjectMapping: 0.036400 ms MarkObjects: 1.348400 ms  DeleteObjects: 0.042900 ms)

========================================================================
Received Import Request.
  Time since last request: 21.359622 seconds.
  path: Assets/Scripts/Line.cs
  artifactKey: Guid(e6a1a70381f55bb49b29e970890b6bd7) Importer(815301076,1909f56bfc062723c751e8b465ee728b)
Start importing Assets/Scripts/Line.cs using Guid(e6a1a70381f55bb49b29e970890b6bd7) Importer(815301076,1909f56bfc062723c751e8b465ee728b)  -> (artifact id: '07668bb18fd2e303738f457210beb4fa') in 0.003894 seconds
  Import took 0.017319 seconds .

========================================================================
Received Import Request.
  Time since last request: 57.404983 seconds.
  path: Assets/Editor
  artifactKey: Guid(0de706c3520e6044d8a4c00fadf6ff64) Importer(815301076,1909f56bfc062723c751e8b465ee728b)
Start importing Assets/Editor using Guid(0de706c3520e6044d8a4c00fadf6ff64) Importer(815301076,1909f56bfc062723c751e8b465ee728b)  -> (artifact id: '694f1ba12bfb073b96707f7d1f40b97e') in 0.009191 seconds
  Import took 0.013111 seconds .

========================================================================
Received Import Request.
  Time since last request: 18.278328 seconds.
  path: Assets/Editor/LineInspector.cs
  artifactKey: Guid(298f322fcbf26a643afa05dd919a3e41) Importer(815301076,1909f56bfc062723c751e8b465ee728b)
Start importing Assets/Editor/LineInspector.cs using Guid(298f322fcbf26a643afa05dd919a3e41) Importer(815301076,1909f56bfc062723c751e8b465ee728b)  -> (artifact id: '623ebd553d3a200d264841e5e09bc5c7') in 0.008370 seconds
  Import took 0.011224 seconds .

========================================================================
Received Import Request.
  Time since last request: 0.001600 seconds.
  path: Assets/Editor/LineInspector.cs
  artifactKey: Guid(298f322fcbf26a643afa05dd919a3e41) Importer(815301076,1909f56bfc062723c751e8b465ee728b)
Start importing Assets/Editor/LineInspector.cs using Guid(298f322fcbf26a643afa05dd919a3e41) Importer(815301076,1909f56bfc062723c751e8b465ee728b)  -> (artifact id: '623ebd553d3a200d264841e5e09bc5c7') in 0.002531 seconds
  Import took 0.005773 seconds .

========================================================================
Received Prepare
Registering precompiled user dll's ...
Registered in 0.002661 seconds.
Begin MonoManager ReloadAssembly
Native extension for WindowsStandalone target not found
Refreshing native plugins compatible for Editor in 0.27 ms, found 2 plugins.
Preloading 0 native plugins for Editor in 0.00 ms.
Mono: successfully reloaded assembly
- Completed reload, in  0.720 seconds
Platform modules already initialized, skipping
Refreshing native plugins compatible for Editor in 0.27 ms, found 2 plugins.
Preloading 0 native plugins for Editor in 0.00 ms.
Unloading 1383 Unused Serialized files (Serialized files now loaded: 0)
System memory in use before: 64.7 MB.
System memory in use after: 64.7 MB.

Unloading 14 unused Assets to reduce memory usage. Loaded Objects now: 1830.
Total: 1.493400 ms (FindLiveObjects: 0.126300 ms CreateObjectMapping: 0.039100 ms MarkObjects: 1.246400 ms  DeleteObjects: 0.080700 ms)

========================================================================
Received Import Request.
  Time since last request: 36.934719 seconds.
  path: Assets/Editor/LineInspector.cs
  artifactKey: Guid(298f322fcbf26a643afa05dd919a3e41) Importer(815301076,1909f56bfc062723c751e8b465ee728b)
Start importing Assets/Editor/LineInspector.cs using Guid(298f322fcbf26a643afa05dd919a3e41) Importer(815301076,1909f56bfc062723c751e8b465ee728b)  -> (artifact id: '585038a346b77c335089d271185c72cf') in 0.003593 seconds
  Import took 0.017978 seconds .

========================================================================
Received Prepare
Registering precompiled user dll's ...
Registered in 0.002681 seconds.
Begin MonoManager ReloadAssembly
Native extension for WindowsStandalone target not found
Refreshing native plugins compatible for Editor in 0.26 ms, found 2 plugins.
Preloading 0 native plugins for Editor in 0.00 ms.
Mono: successfully reloaded assembly
- Completed reload, in  0.802 seconds
Platform modules already initialized, skipping
Refreshing native plugins compatible for Editor in 0.49 ms, found 2 plugins.
Preloading 0 native plugins for Editor in 0.00 ms.
Unloading 1383 Unused Serialized files (Serialized files now loaded: 0)
System memory in use before: 64.7 MB.
System memory in use after: 64.8 MB.

Unloading 14 unused Assets to reduce memory usage. Loaded Objects now: 1833.
Total: 1.681800 ms (FindLiveObjects: 0.193200 ms CreateObjectMapping: 0.080100 ms MarkObjects: 1.323300 ms  DeleteObjects: 0.084200 ms)

========================================================================
Received Import Request.
  Time since last request: 148.344726 seconds.
  path: Assets/Editor/LineInspector.cs
  artifactKey: Guid(298f322fcbf26a643afa05dd919a3e41) Importer(815301076,1909f56bfc062723c751e8b465ee728b)
Start importing Assets/Editor/LineInspector.cs using Guid(298f322fcbf26a643afa05dd919a3e41) Importer(815301076,1909f56bfc062723c751e8b465ee728b)  -> (artifact id: 'fd9b2048aeeeecf140a29bdc753bc1ce') in 0.003721 seconds
  Import took 0.015147 seconds .

========================================================================
Received Prepare
Registering precompiled user dll's ...
Registered in 0.002480 seconds.
Begin MonoManager ReloadAssembly
Native extension for WindowsStandalone target not found
Refreshing native plugins compatible for Editor in 0.26 ms, found 2 plugins.
Preloading 0 native plugins for Editor in 0.00 ms.
Mono: successfully reloaded assembly
- Completed reload, in  0.747 seconds
Platform modules already initialized, skipping
Refreshing native plugins compatible for Editor in 0.28 ms, found 2 plugins.
Preloading 0 native plugins for Editor in 0.00 ms.
Unloading 1383 Unused Serialized files (Serialized files now loaded: 0)
System memory in use before: 64.7 MB.
System memory in use after: 64.8 MB.

Unloading 14 unused Assets to reduce memory usage. Loaded Objects now: 1836.
Total: 1.506500 ms (FindLiveObjects: 0.123700 ms CreateObjectMapping: 0.040000 ms MarkObjects: 1.290700 ms  DeleteObjects: 0.051400 ms)

========================================================================
Received Prepare
Registering precompiled user dll's ...
Registered in 0.002456 seconds.
Begin MonoManager ReloadAssembly
Native extension for WindowsStandalone target not found
Refreshing native plugins compatible for Editor in 0.26 ms, found 2 plugins.
Preloading 0 native plugins for Editor in 0.00 ms.
Mono: successfully reloaded assembly
- Completed reload, in  0.757 seconds
Platform modules already initialized, skipping
Refreshing native plugins compatible for Editor in 0.26 ms, found 2 plugins.
Preloading 0 native plugins for Editor in 0.00 ms.
Unloading 1383 Unused Serialized files (Serialized files now loaded: 0)
System memory in use before: 64.7 MB.
System memory in use after: 64.8 MB.

Unloading 14 unused Assets to reduce memory usage. Loaded Objects now: 1839.
Total: 1.495400 ms (FindLiveObjects: 0.127600 ms CreateObjectMapping: 0.041300 ms MarkObjects: 1.287800 ms  DeleteObjects: 0.037400 ms)

========================================================================
Received Prepare
Registering precompiled user dll's ...
Registered in 0.002866 seconds.
Begin MonoManager ReloadAssembly
Native extension for WindowsStandalone target not found
Refreshing native plugins compatible for Editor in 0.25 ms, found 2 plugins.
Preloading 0 native plugins for Editor in 0.00 ms.
Mono: successfully reloaded assembly
- Completed reload, in  0.752 seconds
Platform modules already initialized, skipping
Refreshing native plugins compatible for Editor in 0.28 ms, found 2 plugins.
Preloading 0 native plugins for Editor in 0.00 ms.
Unloading 1383 Unused Serialized files (Serialized files now loaded: 0)
System memory in use before: 64.7 MB.
System memory in use after: 64.8 MB.

Unloading 14 unused Assets to reduce memory usage. Loaded Objects now: 1842.
Total: 1.697500 ms (FindLiveObjects: 0.162800 ms CreateObjectMapping: 0.064600 ms MarkObjects: 1.428100 ms  DeleteObjects: 0.041200 ms)

========================================================================
Received Prepare
Registering precompiled user dll's ...
Registered in 0.003553 seconds.
Begin MonoManager ReloadAssembly
Native extension for WindowsStandalone target not found
Refreshing native plugins compatible for Editor in 0.35 ms, found 2 plugins.
Preloading 0 native plugins for Editor in 0.00 ms.
Mono: successfully reloaded assembly
- Completed reload, in  0.742 seconds
Platform modules already initialized, skipping
Refreshing native plugins compatible for Editor in 0.27 ms, found 2 plugins.
Preloading 0 native plugins for Editor in 0.00 ms.
Unloading 1383 Unused Serialized files (Serialized files now loaded: 0)
System memory in use before: 64.7 MB.
System memory in use after: 64.8 MB.

Unloading 14 unused Assets to reduce memory usage. Loaded Objects now: 1845.
Total: 1.845500 ms (FindLiveObjects: 0.140400 ms CreateObjectMapping: 0.042200 ms MarkObjects: 1.621100 ms  DeleteObjects: 0.041000 ms)

========================================================================
Received Import Request.
  Time since last request: 476.026237 seconds.
  path: Assets/Scripts/BezierCurve.cs
  artifactKey: Guid(77e4b8df96ef2a745a95943193599da6) Importer(815301076,1909f56bfc062723c751e8b465ee728b)
Start importing Assets/Scripts/BezierCurve.cs using Guid(77e4b8df96ef2a745a95943193599da6) Importer(815301076,1909f56bfc062723c751e8b465ee728b)  -> (artifact id: '97c8a2d010990028ff9cb66bd85794cb') in 0.016309 seconds
  Import took 0.020084 seconds .

========================================================================
Received Prepare
Registering precompiled user dll's ...
Registered in 0.002444 seconds.
Begin MonoManager ReloadAssembly
Native extension for WindowsStandalone target not found
Refreshing native plugins compatible for Editor in 0.26 ms, found 2 plugins.
Preloading 0 native plugins for Editor in 0.00 ms.
Mono: successfully reloaded assembly
- Completed reload, in  0.788 seconds
Platform modules already initialized, skipping
Refreshing native plugins compatible for Editor in 0.26 ms, found 2 plugins.
Preloading 0 native plugins for Editor in 0.00 ms.
Unloading 1384 Unused Serialized files (Serialized files now loaded: 0)
System memory in use before: 64.7 MB.
System memory in use after: 64.8 MB.

Unloading 14 unused Assets to reduce memory usage. Loaded Objects now: 1849.
Total: 1.487300 ms (FindLiveObjects: 0.124800 ms CreateObjectMapping: 0.039300 ms MarkObjects: 1.283300 ms  DeleteObjects: 0.038900 ms)

========================================================================
Received Prepare
Registering precompiled user dll's ...
Registered in 0.002697 seconds.
Begin MonoManager ReloadAssembly
Native extension for WindowsStandalone target not found
Refreshing native plugins compatible for Editor in 0.27 ms, found 2 plugins.
Preloading 0 native plugins for Editor in 0.00 ms.
Mono: successfully reloaded assembly
- Completed reload, in  0.781 seconds
Platform modules already initialized, skipping
Refreshing native plugins compatible for Editor in 0.26 ms, found 2 plugins.
Preloading 0 native plugins for Editor in 0.00 ms.
Unloading 1384 Unused Serialized files (Serialized files now loaded: 0)
System memory in use before: 64.7 MB.
System memory in use after: 64.8 MB.

Unloading 14 unused Assets to reduce memory usage. Loaded Objects now: 1852.
Total: 1.619700 ms (FindLiveObjects: 0.119300 ms CreateObjectMapping: 0.036900 ms MarkObjects: 1.390300 ms  DeleteObjects: 0.072100 ms)

========================================================================
Received Import Request.
  Time since last request: 96.989812 seconds.
  path: Assets/Scripts/BezierCurve.cs
  artifactKey: Guid(77e4b8df96ef2a745a95943193599da6) Importer(815301076,1909f56bfc062723c751e8b465ee728b)
Start importing Assets/Scripts/BezierCurve.cs using Guid(77e4b8df96ef2a745a95943193599da6) Importer(815301076,1909f56bfc062723c751e8b465ee728b)  -> (artifact id: 'ae371a170d407d626532707a9a27e1c5') in 0.005925 seconds
  Import took 0.018678 seconds .

========================================================================
Received Import Request.
  Time since last request: 19.905421 seconds.
  path: Assets/Editor/BezierCurveInspector.cs
  artifactKey: Guid(035d3dc5f3c7ba742b7b6aef11a14541) Importer(815301076,1909f56bfc062723c751e8b465ee728b)
Start importing Assets/Editor/BezierCurveInspector.cs using Guid(035d3dc5f3c7ba742b7b6aef11a14541) Importer(815301076,1909f56bfc062723c751e8b465ee728b)  -> (artifact id: '754e5e55b297ea5eda5144e1449ed7f3') in 0.008581 seconds
  Import took 0.012959 seconds .

========================================================================
Received Import Request.
  Time since last request: 0.001236 seconds.
  path: Assets/Editor/BezierCurveInspector.cs
  artifactKey: Guid(035d3dc5f3c7ba742b7b6aef11a14541) Importer(815301076,1909f56bfc062723c751e8b465ee728b)
Start importing Assets/Editor/BezierCurveInspector.cs using Guid(035d3dc5f3c7ba742b7b6aef11a14541) Importer(815301076,1909f56bfc062723c751e8b465ee728b)  -> (artifact id: '754e5e55b297ea5eda5144e1449ed7f3') in 0.002486 seconds
  Import took 0.006251 seconds .

========================================================================
Received Prepare
Registering precompiled user dll's ...
Registered in 0.002473 seconds.
Begin MonoManager ReloadAssembly
Native extension for WindowsStandalone target not found
Refreshing native plugins compatible for Editor in 0.42 ms, found 2 plugins.
Preloading 0 native plugins for Editor in 0.00 ms.
Mono: successfully reloaded assembly
- Completed reload, in  0.828 seconds
Platform modules already initialized, skipping
Refreshing native plugins compatible for Editor in 0.29 ms, found 2 plugins.
Preloading 0 native plugins for Editor in 0.00 ms.
Unloading 1385 Unused Serialized files (Serialized files now loaded: 0)
System memory in use before: 64.8 MB.
System memory in use after: 64.8 MB.

Unloading 14 unused Assets to reduce memory usage. Loaded Objects now: 1856.
Total: 1.528100 ms (FindLiveObjects: 0.122400 ms CreateObjectMapping: 0.038600 ms MarkObjects: 1.293600 ms  DeleteObjects: 0.072500 ms)

========================================================================
Received Prepare
Registering precompiled user dll's ...
Registered in 0.002946 seconds.
Begin MonoManager ReloadAssembly
Native extension for WindowsStandalone target not found
Refreshing native plugins compatible for Editor in 0.26 ms, found 2 plugins.
Preloading 0 native plugins for Editor in 0.00 ms.
Mono: successfully reloaded assembly
- Completed reload, in  0.756 seconds
Platform modules already initialized, skipping
Refreshing native plugins compatible for Editor in 0.26 ms, found 2 plugins.
Preloading 0 native plugins for Editor in 0.00 ms.
Unloading 1385 Unused Serialized files (Serialized files now loaded: 0)
System memory in use before: 64.8 MB.
System memory in use after: 64.8 MB.

Unloading 14 unused Assets to reduce memory usage. Loaded Objects now: 1859.
Total: 1.606600 ms (FindLiveObjects: 0.131100 ms CreateObjectMapping: 0.040300 ms MarkObjects: 1.356200 ms  DeleteObjects: 0.078000 ms)

========================================================================
Received Import Request.
  Time since last request: 23.239958 seconds.
  path: Assets/Editor/BezierCurveInspector.cs
  artifactKey: Guid(035d3dc5f3c7ba742b7b6aef11a14541) Importer(815301076,1909f56bfc062723c751e8b465ee728b)
Start importing Assets/Editor/BezierCurveInspector.cs using Guid(035d3dc5f3c7ba742b7b6aef11a14541) Importer(815301076,1909f56bfc062723c751e8b465ee728b)  -> (artifact id: 'b3d70fbc03a61041ce0180ad5d5f8f17') in 0.005862 seconds
  Import took 0.009246 seconds .

========================================================================
Received Import Request.
  Time since last request: 724.788925 seconds.
  path: Assets/Scripts/Bezier.cs
  artifactKey: Guid(df0c9e2b0fe9feb43a692061b546ae56) Importer(815301076,1909f56bfc062723c751e8b465ee728b)
Start importing Assets/Scripts/Bezier.cs using Guid(df0c9e2b0fe9feb43a692061b546ae56) Importer(815301076,1909f56bfc062723c751e8b465ee728b)  -> (artifact id: 'abd4814ad88d008c7e11d4d565fc892a') in 0.010478 seconds
  Import took 0.014584 seconds .

========================================================================
Received Import Request.
  Time since last request: 0.000605 seconds.
  path: Assets/Scripts/Bezier.cs
  artifactKey: Guid(df0c9e2b0fe9feb43a692061b546ae56) Importer(815301076,1909f56bfc062723c751e8b465ee728b)
Start importing Assets/Scripts/Bezier.cs using Guid(df0c9e2b0fe9feb43a692061b546ae56) Importer(815301076,1909f56bfc062723c751e8b465ee728b)  -> (artifact id: 'abd4814ad88d008c7e11d4d565fc892a') in 0.002552 seconds
  Import took 0.006870 seconds .

========================================================================
Received Prepare
Registering precompiled user dll's ...
Registered in 0.002726 seconds.
Begin MonoManager ReloadAssembly
Native extension for WindowsStandalone target not found
Refreshing native plugins compatible for Editor in 0.27 ms, found 2 plugins.
Preloading 0 native plugins for Editor in 0.00 ms.
Mono: successfully reloaded assembly
- Completed reload, in  0.755 seconds
Platform modules already initialized, skipping
Refreshing native plugins compatible for Editor in 0.26 ms, found 2 plugins.
Preloading 0 native plugins for Editor in 0.00 ms.
Unloading 1386 Unused Serialized files (Serialized files now loaded: 0)
System memory in use before: 64.8 MB.
System memory in use after: 64.9 MB.

Unloading 14 unused Assets to reduce memory usage. Loaded Objects now: 1863.
Total: 1.451100 ms (FindLiveObjects: 0.126500 ms CreateObjectMapping: 0.039300 ms MarkObjects: 1.247600 ms  DeleteObjects: 0.036800 ms)

========================================================================
Received Import Request.
  Time since last request: 15.376511 seconds.
  path: Assets/Scripts/Bezier.cs
  artifactKey: Guid(df0c9e2b0fe9feb43a692061b546ae56) Importer(815301076,1909f56bfc062723c751e8b465ee728b)
Start importing Assets/Scripts/Bezier.cs using Guid(df0c9e2b0fe9feb43a692061b546ae56) Importer(815301076,1909f56bfc062723c751e8b465ee728b)  -> (artifact id: '7cd72b5e4cc125b532f1f510036baa4f') in 0.005526 seconds
  Import took 0.016817 seconds .

========================================================================
Received Prepare
Registering precompiled user dll's ...
Registered in 0.002692 seconds.
Begin MonoManager ReloadAssembly
Native extension for WindowsStandalone target not found
Refreshing native plugins compatible for Editor in 0.26 ms, found 2 plugins.
Preloading 0 native plugins for Editor in 0.00 ms.
Mono: successfully reloaded assembly
- Completed reload, in  0.820 seconds
Platform modules already initialized, skipping
Refreshing native plugins compatible for Editor in 0.26 ms, found 2 plugins.
Preloading 0 native plugins for Editor in 0.00 ms.
Unloading 1386 Unused Serialized files (Serialized files now loaded: 0)
System memory in use before: 64.8 MB.
System memory in use after: 64.9 MB.

Unloading 14 unused Assets to reduce memory usage. Loaded Objects now: 1866.
Total: 1.687700 ms (FindLiveObjects: 0.117200 ms CreateObjectMapping: 0.035700 ms MarkObjects: 1.493500 ms  DeleteObjects: 0.040700 ms)

========================================================================
Received Prepare
Registering precompiled user dll's ...
Registered in 0.003136 seconds.
Begin MonoManager ReloadAssembly
Native extension for WindowsStandalone target not found
Refreshing native plugins compatible for Editor in 0.28 ms, found 2 plugins.
Preloading 0 native plugins for Editor in 0.00 ms.
Mono: successfully reloaded assembly
- Completed reload, in  0.797 seconds
Platform modules already initialized, skipping
Refreshing native plugins compatible for Editor in 0.27 ms, found 2 plugins.
Preloading 0 native plugins for Editor in 0.00 ms.
Unloading 1386 Unused Serialized files (Serialized files now loaded: 0)
System memory in use before: 64.8 MB.
System memory in use after: 64.9 MB.

Unloading 14 unused Assets to reduce memory usage. Loaded Objects now: 1869.
Total: 1.628400 ms (FindLiveObjects: 0.200600 ms CreateObjectMapping: 0.042100 ms MarkObjects: 1.307600 ms  DeleteObjects: 0.077100 ms)

========================================================================
Received Prepare
Registering precompiled user dll's ...
Registered in 0.002440 seconds.
Begin MonoManager ReloadAssembly
Native extension for WindowsStandalone target not found
Refreshing native plugins compatible for Editor in 0.26 ms, found 2 plugins.
Preloading 0 native plugins for Editor in 0.00 ms.
Mono: successfully reloaded assembly
- Completed reload, in  0.773 seconds
Platform modules already initialized, skipping
Refreshing native plugins compatible for Editor in 0.26 ms, found 2 plugins.
Preloading 0 native plugins for Editor in 0.00 ms.
Unloading 1386 Unused Serialized files (Serialized files now loaded: 0)
System memory in use before: 64.8 MB.
System memory in use after: 64.9 MB.

Unloading 14 unused Assets to reduce memory usage. Loaded Objects now: 1872.
Total: 1.521400 ms (FindLiveObjects: 0.123500 ms CreateObjectMapping: 0.037200 ms MarkObjects: 1.293400 ms  DeleteObjects: 0.066600 ms)

========================================================================
Received Prepare
Registering precompiled user dll's ...
Registered in 0.002482 seconds.
Begin MonoManager ReloadAssembly
Native extension for WindowsStandalone target not found
Refreshing native plugins compatible for Editor in 0.28 ms, found 2 plugins.
Preloading 0 native plugins for Editor in 0.00 ms.
Mono: successfully reloaded assembly
- Completed reload, in  0.755 seconds
Platform modules already initialized, skipping
Refreshing native plugins compatible for Editor in 0.26 ms, found 2 plugins.
Preloading 0 native plugins for Editor in 0.00 ms.
Unloading 1386 Unused Serialized files (Serialized files now loaded: 0)
System memory in use before: 64.8 MB.
System memory in use after: 64.9 MB.

Unloading 14 unused Assets to reduce memory usage. Loaded Objects now: 1875.
Total: 1.612200 ms (FindLiveObjects: 0.129100 ms CreateObjectMapping: 0.077000 ms MarkObjects: 1.332100 ms  DeleteObjects: 0.073300 ms)

========================================================================
Received Prepare
Registering precompiled user dll's ...
Registered in 0.003528 seconds.
Begin MonoManager ReloadAssembly
Native extension for WindowsStandalone target not found
Refreshing native plugins compatible for Editor in 0.25 ms, found 2 plugins.
Preloading 0 native plugins for Editor in 0.00 ms.
Mono: successfully reloaded assembly
- Completed reload, in  0.747 seconds
Platform modules already initialized, skipping
Refreshing native plugins compatible for Editor in 0.26 ms, found 2 plugins.
Preloading 0 native plugins for Editor in 0.00 ms.
Unloading 1386 Unused Serialized files (Serialized files now loaded: 0)
System memory in use before: 64.8 MB.
System memory in use after: 64.9 MB.

Unloading 14 unused Assets to reduce memory usage. Loaded Objects now: 1878.
Total: 1.485100 ms (FindLiveObjects: 0.128500 ms CreateObjectMapping: 0.039500 ms MarkObjects: 1.278800 ms  DeleteObjects: 0.037600 ms)

========================================================================
Received Prepare
Registering precompiled user dll's ...
Registered in 0.002480 seconds.
Begin MonoManager ReloadAssembly
Native extension for WindowsStandalone target not found
Refreshing native plugins compatible for Editor in 0.27 ms, found 2 plugins.
Preloading 0 native plugins for Editor in 0.00 ms.
Mono: successfully reloaded assembly
- Completed reload, in  0.777 seconds
Platform modules already initialized, skipping
Refreshing native plugins compatible for Editor in 0.26 ms, found 2 plugins.
Preloading 0 native plugins for Editor in 0.00 ms.
Unloading 1386 Unused Serialized files (Serialized files now loaded: 0)
System memory in use before: 64.8 MB.
System memory in use after: 64.9 MB.

Unloading 14 unused Assets to reduce memory usage. Loaded Objects now: 1881.
Total: 1.754600 ms (FindLiveObjects: 0.138500 ms CreateObjectMapping: 0.084900 ms MarkObjects: 1.454800 ms  DeleteObjects: 0.075600 ms)

========================================================================
Received Prepare
Registering precompiled user dll's ...
Registered in 0.003046 seconds.
Begin MonoManager ReloadAssembly
Native extension for WindowsStandalone target not found
Refreshing native plugins compatible for Editor in 0.26 ms, found 2 plugins.
Preloading 0 native plugins for Editor in 0.00 ms.
Mono: successfully reloaded assembly
- Completed reload, in  0.760 seconds
Platform modules already initialized, skipping
Refreshing native plugins compatible for Editor in 0.26 ms, found 2 plugins.
Preloading 0 native plugins for Editor in 0.00 ms.
Unloading 1386 Unused Serialized files (Serialized files now loaded: 0)
System memory in use before: 64.8 MB.
System memory in use after: 64.9 MB.

Unloading 14 unused Assets to reduce memory usage. Loaded Objects now: 1884.
Total: 1.503900 ms (FindLiveObjects: 0.124600 ms CreateObjectMapping: 0.038100 ms MarkObjects: 1.305700 ms  DeleteObjects: 0.034700 ms)

========================================================================
Received Prepare
Registering precompiled user dll's ...
Registered in 0.002513 seconds.
Begin MonoManager ReloadAssembly
Native extension for WindowsStandalone target not found
Refreshing native plugins compatible for Editor in 0.26 ms, found 2 plugins.
Preloading 0 native plugins for Editor in 0.00 ms.
Mono: successfully reloaded assembly
- Completed reload, in  0.742 seconds
Platform modules already initialized, skipping
Refreshing native plugins compatible for Editor in 0.27 ms, found 2 plugins.
Preloading 0 native plugins for Editor in 0.00 ms.
Unloading 1386 Unused Serialized files (Serialized files now loaded: 0)
System memory in use before: 64.8 MB.
System memory in use after: 64.9 MB.

Unloading 14 unused Assets to reduce memory usage. Loaded Objects now: 1887.
Total: 1.534700 ms (FindLiveObjects: 0.145500 ms CreateObjectMapping: 0.040300 ms MarkObjects: 1.307700 ms  DeleteObjects: 0.040300 ms)

========================================================================
Received Prepare
Registering precompiled user dll's ...
Registered in 0.002524 seconds.
Begin MonoManager ReloadAssembly
Native extension for WindowsStandalone target not found
Refreshing native plugins compatible for Editor in 0.26 ms, found 2 plugins.
Preloading 0 native plugins for Editor in 0.00 ms.
Mono: successfully reloaded assembly
- Completed reload, in  0.731 seconds
Platform modules already initialized, skipping
Refreshing native plugins compatible for Editor in 0.26 ms, found 2 plugins.
Preloading 0 native plugins for Editor in 0.00 ms.
Unloading 1386 Unused Serialized files (Serialized files now loaded: 0)
System memory in use before: 64.8 MB.
System memory in use after: 64.9 MB.

Unloading 14 unused Assets to reduce memory usage. Loaded Objects now: 1890.
Total: 1.605100 ms (FindLiveObjects: 0.125800 ms CreateObjectMapping: 0.038800 ms MarkObjects: 1.364000 ms  DeleteObjects: 0.075600 ms)

========================================================================
Received Prepare
Registering precompiled user dll's ...
Registered in 0.002612 seconds.
Begin MonoManager ReloadAssembly
Native extension for WindowsStandalone target not found
Refreshing native plugins compatible for Editor in 0.26 ms, found 2 plugins.
Preloading 0 native plugins for Editor in 0.00 ms.
Mono: successfully reloaded assembly
- Completed reload, in  0.746 seconds
Platform modules already initialized, skipping
Refreshing native plugins compatible for Editor in 0.26 ms, found 2 plugins.
Preloading 0 native plugins for Editor in 0.00 ms.
Unloading 1386 Unused Serialized files (Serialized files now loaded: 0)
System memory in use before: 64.8 MB.
System memory in use after: 64.9 MB.

Unloading 14 unused Assets to reduce memory usage. Loaded Objects now: 1893.
Total: 1.459500 ms (FindLiveObjects: 0.124800 ms CreateObjectMapping: 0.036300 ms MarkObjects: 1.258200 ms  DeleteObjects: 0.039400 ms)

========================================================================
Received Prepare
Registering precompiled user dll's ...
Registered in 0.002536 seconds.
Begin MonoManager ReloadAssembly
Native extension for WindowsStandalone target not found
Refreshing native plugins compatible for Editor in 0.26 ms, found 2 plugins.
Preloading 0 native plugins for Editor in 0.00 ms.
Mono: successfully reloaded assembly
- Completed reload, in  0.743 seconds
Platform modules already initialized, skipping
Refreshing native plugins compatible for Editor in 0.27 ms, found 2 plugins.
Preloading 0 native plugins for Editor in 0.00 ms.
Unloading 1386 Unused Serialized files (Serialized files now loaded: 0)
System memory in use before: 64.8 MB.
System memory in use after: 64.9 MB.

Unloading 14 unused Assets to reduce memory usage. Loaded Objects now: 1896.
Total: 1.784400 ms (FindLiveObjects: 0.150700 ms CreateObjectMapping: 0.038900 ms MarkObjects: 1.535900 ms  DeleteObjects: 0.058100 ms)

========================================================================
Received Prepare
Registering precompiled user dll's ...
Registered in 0.002386 seconds.
Begin MonoManager ReloadAssembly
Native extension for WindowsStandalone target not found
Refreshing native plugins compatible for Editor in 0.40 ms, found 2 plugins.
Preloading 0 native plugins for Editor in 0.00 ms.
Mono: successfully reloaded assembly
- Completed reload, in  0.732 seconds
Platform modules already initialized, skipping
Refreshing native plugins compatible for Editor in 0.28 ms, found 2 plugins.
Preloading 0 native plugins for Editor in 0.00 ms.
Unloading 1386 Unused Serialized files (Serialized files now loaded: 0)
System memory in use before: 64.9 MB.
System memory in use after: 65.0 MB.

Unloading 14 unused Assets to reduce memory usage. Loaded Objects now: 1899.
Total: 2.110500 ms (FindLiveObjects: 0.227800 ms CreateObjectMapping: 0.056800 ms MarkObjects: 1.786400 ms  DeleteObjects: 0.038300 ms)

========================================================================
Received Import Request.
  Time since last request: 1743.896404 seconds.
  path: Assets/Scripts/BezierSpline.cs
  artifactKey: Guid(bdddf0efc4ca36140ae425dcc939aa5e) Importer(815301076,1909f56bfc062723c751e8b465ee728b)
Start importing Assets/Scripts/BezierSpline.cs using Guid(bdddf0efc4ca36140ae425dcc939aa5e) Importer(815301076,1909f56bfc062723c751e8b465ee728b)  -> (artifact id: 'ac8d5f9cb25cad79f440dbe3aa583143') in 0.013246 seconds
  Import took 0.016743 seconds .

========================================================================
Received Prepare
Registering precompiled user dll's ...
Registered in 0.002773 seconds.
Begin MonoManager ReloadAssembly
Native extension for WindowsStandalone target not found
Refreshing native plugins compatible for Editor in 0.26 ms, found 2 plugins.
Preloading 0 native plugins for Editor in 0.00 ms.
Mono: successfully reloaded assembly
- Completed reload, in  0.745 seconds
Platform modules already initialized, skipping
Refreshing native plugins compatible for Editor in 0.26 ms, found 2 plugins.
Preloading 0 native plugins for Editor in 0.00 ms.
Unloading 1387 Unused Serialized files (Serialized files now loaded: 0)
System memory in use before: 64.9 MB.
System memory in use after: 65.0 MB.

Unloading 14 unused Assets to reduce memory usage. Loaded Objects now: 1903.
Total: 1.512700 ms (FindLiveObjects: 0.131600 ms CreateObjectMapping: 0.040100 ms MarkObjects: 1.265600 ms  DeleteObjects: 0.074400 ms)

========================================================================
Received Import Request.
  Time since last request: 27.510487 seconds.
  path: Assets/Scripts/BezierSpline.cs
  artifactKey: Guid(bdddf0efc4ca36140ae425dcc939aa5e) Importer(815301076,1909f56bfc062723c751e8b465ee728b)
Start importing Assets/Scripts/BezierSpline.cs using Guid(bdddf0efc4ca36140ae425dcc939aa5e) Importer(815301076,1909f56bfc062723c751e8b465ee728b)  -> (artifact id: '16194f1f2505884f07d2086b7235e893') in 0.005552 seconds
  Import took 0.018308 seconds .

========================================================================
Received Import Request.
  Time since last request: 18.208419 seconds.
  path: Assets/Editor/BezierCurveInspector1.cs
  artifactKey: Guid(ff44bdb9fedd9ba46a6ba0cf07dcae5e) Importer(815301076,1909f56bfc062723c751e8b465ee728b)
Start importing Assets/Editor/BezierCurveInspector1.cs using Guid(ff44bdb9fedd9ba46a6ba0cf07dcae5e) Importer(815301076,1909f56bfc062723c751e8b465ee728b)  -> (artifact id: '0ad6ff1ebebdc47598f3c005b799240a') in 0.008285 seconds
  Import took 0.011041 seconds .

========================================================================
Received Import Request.
  Time since last request: 0.000945 seconds.
  path: Assets/Editor/BezierCurveInspector1.cs
  artifactKey: Guid(ff44bdb9fedd9ba46a6ba0cf07dcae5e) Importer(815301076,1909f56bfc062723c751e8b465ee728b)
Start importing Assets/Editor/BezierCurveInspector1.cs using Guid(ff44bdb9fedd9ba46a6ba0cf07dcae5e) Importer(815301076,1909f56bfc062723c751e8b465ee728b)  -> (artifact id: '0ad6ff1ebebdc47598f3c005b799240a') in 0.002580 seconds
  Import took 0.006386 seconds .

========================================================================
Received Prepare
Registering precompiled user dll's ...
Registered in 0.003217 seconds.
Begin MonoManager ReloadAssembly
Native extension for WindowsStandalone target not found
Refreshing native plugins compatible for Editor in 0.31 ms, found 2 plugins.
Preloading 0 native plugins for Editor in 0.00 ms.
Mono: successfully reloaded assembly
- Completed reload, in  0.816 seconds
Platform modules already initialized, skipping
Refreshing native plugins compatible for Editor in 0.27 ms, found 2 plugins.
Preloading 0 native plugins for Editor in 0.00 ms.
Unloading 1388 Unused Serialized files (Serialized files now loaded: 0)
System memory in use before: 64.9 MB.
System memory in use after: 65.0 MB.

Unloading 14 unused Assets to reduce memory usage. Loaded Objects now: 1907.
Total: 1.500000 ms (FindLiveObjects: 0.130000 ms CreateObjectMapping: 0.038800 ms MarkObjects: 1.291300 ms  DeleteObjects: 0.038900 ms)

========================================================================
Received Import Request.
  Time since last request: 21.663050 seconds.
  path: Assets/Editor/BezierCurveInspector1.cs
  artifactKey: Guid(ff44bdb9fedd9ba46a6ba0cf07dcae5e) Importer(815301076,1909f56bfc062723c751e8b465ee728b)
Start importing Assets/Editor/BezierCurveInspector1.cs using Guid(ff44bdb9fedd9ba46a6ba0cf07dcae5e) Importer(815301076,1909f56bfc062723c751e8b465ee728b)  -> (artifact id: '9ba5339f1f7e48d40720e29b698fa1bf') in 0.008402 seconds
  Import took 0.012434 seconds .

========================================================================
Received Import Request.
  Time since last request: 0.004371 seconds.
  path: Assets/Editor/BezierCurveInspector1.cs
  artifactKey: Guid(ff44bdb9fedd9ba46a6ba0cf07dcae5e) Importer(815301076,1909f56bfc062723c751e8b465ee728b)
Start importing Assets/Editor/BezierCurveInspector1.cs using Guid(ff44bdb9fedd9ba46a6ba0cf07dcae5e) Importer(815301076,1909f56bfc062723c751e8b465ee728b)  -> (artifact id: '9ba5339f1f7e48d40720e29b698fa1bf') in 0.003825 seconds
  Import took 0.006305 seconds .

========================================================================
Received Prepare
Registering precompiled user dll's ...
Registered in 0.003461 seconds.
Begin MonoManager ReloadAssembly
Native extension for WindowsStandalone target not found
Refreshing native plugins compatible for Editor in 0.27 ms, found 2 plugins.
Preloading 0 native plugins for Editor in 0.00 ms.
Mono: successfully reloaded assembly
- Completed reload, in  0.787 seconds
Platform modules already initialized, skipping
Refreshing native plugins compatible for Editor in 0.26 ms, found 2 plugins.
Preloading 0 native plugins for Editor in 0.00 ms.
Unloading 1388 Unused Serialized files (Serialized files now loaded: 0)
System memory in use before: 64.9 MB.
System memory in use after: 65.0 MB.

Unloading 14 unused Assets to reduce memory usage. Loaded Objects now: 1910.
Total: 1.579800 ms (FindLiveObjects: 0.134300 ms CreateObjectMapping: 0.037200 ms MarkObjects: 1.368900 ms  DeleteObjects: 0.038800 ms)

========================================================================
Received Import Request.
  Time since last request: 163.665271 seconds.
  path: Assets/Scripts/BezierSpline.cs
  artifactKey: Guid(bdddf0efc4ca36140ae425dcc939aa5e) Importer(815301076,1909f56bfc062723c751e8b465ee728b)
Start importing Assets/Scripts/BezierSpline.cs using Guid(bdddf0efc4ca36140ae425dcc939aa5e) Importer(815301076,1909f56bfc062723c751e8b465ee728b)  -> (artifact id: '104cd82594cecf1173ed27d6ea06b4b0') in 0.006001 seconds
  Import took 0.007735 seconds .

========================================================================
Received Import Request.
  Time since last request: 0.677268 seconds.
  path: Assets/Scripts/BezierCurve.cs
  artifactKey: Guid(77e4b8df96ef2a745a95943193599da6) Importer(815301076,1909f56bfc062723c751e8b465ee728b)
Start importing Assets/Scripts/BezierCurve.cs using Guid(77e4b8df96ef2a745a95943193599da6) Importer(815301076,1909f56bfc062723c751e8b465ee728b)  -> (artifact id: '912ad5e6612d6f8deaa8e9a4e6ab8d95') in 0.002421 seconds
  Import took 0.004653 seconds .

========================================================================
Received Import Request.
  Time since last request: 2.306253 seconds.
  path: Assets/Scripts/BezierSplineInspector.cs
  artifactKey: Guid(77e4b8df96ef2a745a95943193599da6) Importer(815301076,1909f56bfc062723c751e8b465ee728b)
Start importing Assets/Scripts/BezierSplineInspector.cs using Guid(77e4b8df96ef2a745a95943193599da6) Importer(815301076,1909f56bfc062723c751e8b465ee728b)  -> (artifact id: '0f72ab3143304c4bb69b90ec00a6afe8') in 0.009687 seconds
  Import took 0.013014 seconds .

========================================================================
Received Import Request.
  Time since last request: 0.004216 seconds.
  path: Assets/Scripts/BezierSplineInspector.cs
  artifactKey: Guid(77e4b8df96ef2a745a95943193599da6) Importer(815301076,1909f56bfc062723c751e8b465ee728b)
Start importing Assets/Scripts/BezierSplineInspector.cs using Guid(77e4b8df96ef2a745a95943193599da6) Importer(815301076,1909f56bfc062723c751e8b465ee728b)  -> (artifact id: '0f72ab3143304c4bb69b90ec00a6afe8') in 0.004534 seconds
  Import took 0.007873 seconds .

========================================================================
Received Prepare
Registering precompiled user dll's ...
Registered in 0.002781 seconds.
Begin MonoManager ReloadAssembly
Native extension for WindowsStandalone target not found
Refreshing native plugins compatible for Editor in 0.28 ms, found 2 plugins.
Preloading 0 native plugins for Editor in 0.00 ms.
Mono: successfully reloaded assembly
- Completed reload, in  0.778 seconds
Platform modules already initialized, skipping
Refreshing native plugins compatible for Editor in 0.26 ms, found 2 plugins.
Preloading 0 native plugins for Editor in 0.00 ms.
Unloading 1388 Unused Serialized files (Serialized files now loaded: 0)
System memory in use before: 64.9 MB.
System memory in use after: 65.0 MB.

Unloading 14 unused Assets to reduce memory usage. Loaded Objects now: 1913.
Total: 1.710300 ms (FindLiveObjects: 0.130500 ms CreateObjectMapping: 0.039500 ms MarkObjects: 1.464600 ms  DeleteObjects: 0.074900 ms)

========================================================================
Received Prepare
Registering precompiled user dll's ...
Registered in 0.002840 seconds.
Begin MonoManager ReloadAssembly
Native extension for WindowsStandalone target not found
Refreshing native plugins compatible for Editor in 0.26 ms, found 2 plugins.
Preloading 0 native plugins for Editor in 0.00 ms.
Mono: successfully reloaded assembly
- Completed reload, in  0.745 seconds
Platform modules already initialized, skipping
Refreshing native plugins compatible for Editor in 0.28 ms, found 2 plugins.
Preloading 0 native plugins for Editor in 0.00 ms.
Unloading 1388 Unused Serialized files (Serialized files now loaded: 0)
System memory in use before: 64.9 MB.
System memory in use after: 65.0 MB.

Unloading 14 unused Assets to reduce memory usage. Loaded Objects now: 1916.
Total: 1.491300 ms (FindLiveObjects: 0.124800 ms CreateObjectMapping: 0.035700 ms MarkObjects: 1.292100 ms  DeleteObjects: 0.037900 ms)

========================================================================
Received Import Request.
  Time since last request: 1314.390104 seconds.
  path: Assets/Editor/BezierCurveInspector1.cs
  artifactKey: Guid(ff44bdb9fedd9ba46a6ba0cf07dcae5e) Importer(815301076,1909f56bfc062723c751e8b465ee728b)
Start importing Assets/Editor/BezierCurveInspector1.cs using Guid(ff44bdb9fedd9ba46a6ba0cf07dcae5e) Importer(815301076,1909f56bfc062723c751e8b465ee728b)  -> (artifact id: 'cad63c5a16f17a3f65eba2a6d01716a8') in 0.008016 seconds
  Import took 0.013652 seconds .

========================================================================
Received Import Request.
  Time since last request: 0.000661 seconds.
  path: Assets/Editor/BezierCurveInspector1.cs
  artifactKey: Guid(ff44bdb9fedd9ba46a6ba0cf07dcae5e) Importer(815301076,1909f56bfc062723c751e8b465ee728b)
Start importing Assets/Editor/BezierCurveInspector1.cs using Guid(ff44bdb9fedd9ba46a6ba0cf07dcae5e) Importer(815301076,1909f56bfc062723c751e8b465ee728b)  -> (artifact id: 'cad63c5a16f17a3f65eba2a6d01716a8') in 0.004192 seconds
  Import took 0.007456 seconds .

========================================================================
Received Import Request.
  Time since last request: 3.004157 seconds.
  path: Assets/Editor/LineInspector.cs
  artifactKey: Guid(298f322fcbf26a643afa05dd919a3e41) Importer(815301076,1909f56bfc062723c751e8b465ee728b)
Start importing Assets/Editor/LineInspector.cs using Guid(298f322fcbf26a643afa05dd919a3e41) Importer(815301076,1909f56bfc062723c751e8b465ee728b)  -> (artifact id: '9ffaf4119178ec3d6c6379f3d1cf5236') in 0.003293 seconds
  Import took 0.015878 seconds .

========================================================================
Received Import Request.
  Time since last request: 1.008539 seconds.
  path: Assets/Editor/BezierCurveInspector.cs
  artifactKey: Guid(035d3dc5f3c7ba742b7b6aef11a14541) Importer(815301076,1909f56bfc062723c751e8b465ee728b)
Start importing Assets/Editor/BezierCurveInspector.cs using Guid(035d3dc5f3c7ba742b7b6aef11a14541) Importer(815301076,1909f56bfc062723c751e8b465ee728b)  -> (artifact id: 'cde8d90865d41eeb5adda583d70b0dc1') in 0.002532 seconds
  Import took 0.015514 seconds .

========================================================================
Received Import Request.
  Time since last request: 18.191593 seconds.
  path: Assets/Editor/BezierSplineInspector.cs
  artifactKey: Guid(ff44bdb9fedd9ba46a6ba0cf07dcae5e) Importer(815301076,1909f56bfc062723c751e8b465ee728b)
Start importing Assets/Editor/BezierSplineInspector.cs using Guid(ff44bdb9fedd9ba46a6ba0cf07dcae5e) Importer(815301076,1909f56bfc062723c751e8b465ee728b)  -> (artifact id: 'dee386ab9e268a7bdc37fdb45fc842e8') in 0.002330 seconds
  Import took 0.005795 seconds .

========================================================================
Received Prepare
Registering precompiled user dll's ...
Registered in 0.002630 seconds.
Begin MonoManager ReloadAssembly
Native extension for WindowsStandalone target not found
Refreshing native plugins compatible for Editor in 0.26 ms, found 2 plugins.
Preloading 0 native plugins for Editor in 0.00 ms.
Mono: successfully reloaded assembly
- Completed reload, in  0.788 seconds
Platform modules already initialized, skipping
Refreshing native plugins compatible for Editor in 0.27 ms, found 2 plugins.
Preloading 0 native plugins for Editor in 0.00 ms.
Unloading 1388 Unused Serialized files (Serialized files now loaded: 0)
System memory in use before: 65.0 MB.
System memory in use after: 65.0 MB.

Unloading 14 unused Assets to reduce memory usage. Loaded Objects now: 1919.
Total: 1.871200 ms (FindLiveObjects: 0.201400 ms CreateObjectMapping: 0.065700 ms MarkObjects: 1.547500 ms  DeleteObjects: 0.055700 ms)

========================================================================
Received Prepare
Registering precompiled user dll's ...
Registered in 0.002820 seconds.
Begin MonoManager ReloadAssembly
Native extension for WindowsStandalone target not found
Refreshing native plugins compatible for Editor in 0.26 ms, found 2 plugins.
Preloading 0 native plugins for Editor in 0.00 ms.
Mono: successfully reloaded assembly
- Completed reload, in  0.834 seconds
Platform modules already initialized, skipping
Refreshing native plugins compatible for Editor in 0.26 ms, found 2 plugins.
Preloading 0 native plugins for Editor in 0.00 ms.
Unloading 1388 Unused Serialized files (Serialized files now loaded: 0)
System memory in use before: 65.0 MB.
System memory in use after: 65.0 MB.

Unloading 14 unused Assets to reduce memory usage. Loaded Objects now: 1922.
Total: 1.616400 ms (FindLiveObjects: 0.150500 ms CreateObjectMapping: 0.043200 ms MarkObjects: 1.374800 ms  DeleteObjects: 0.047000 ms)

========================================================================
Received Import Request.
  Time since last request: 128.866781 seconds.
  path: Assets/Editor/BezierSplineInspector.cs
  artifactKey: Guid(ff44bdb9fedd9ba46a6ba0cf07dcae5e) Importer(815301076,1909f56bfc062723c751e8b465ee728b)
Start importing Assets/Editor/BezierSplineInspector.cs using Guid(ff44bdb9fedd9ba46a6ba0cf07dcae5e) Importer(815301076,1909f56bfc062723c751e8b465ee728b)  -> (artifact id: 'feacff8e19345c62a3d15f204223b81d') in 0.004663 seconds
  Import took 0.006569 seconds .

========================================================================
Received Prepare
Registering precompiled user dll's ...
Registered in 0.002433 seconds.
Begin MonoManager ReloadAssembly
Native extension for WindowsStandalone target not found
Refreshing native plugins compatible for Editor in 0.28 ms, found 2 plugins.
Preloading 0 native plugins for Editor in 0.00 ms.
Mono: successfully reloaded assembly
- Completed reload, in  0.800 seconds
Platform modules already initialized, skipping
Refreshing native plugins compatible for Editor in 0.28 ms, found 2 plugins.
Preloading 0 native plugins for Editor in 0.00 ms.
Unloading 1388 Unused Serialized files (Serialized files now loaded: 0)
System memory in use before: 65.0 MB.
System memory in use after: 65.0 MB.

Unloading 14 unused Assets to reduce memory usage. Loaded Objects now: 1925.
Total: 1.737900 ms (FindLiveObjects: 0.141900 ms CreateObjectMapping: 0.038400 ms MarkObjects: 1.515800 ms  DeleteObjects: 0.040900 ms)

========================================================================
Received Prepare
Registering precompiled user dll's ...
Registered in 0.002466 seconds.
Begin MonoManager ReloadAssembly
Native extension for WindowsStandalone target not found
Refreshing native plugins compatible for Editor in 0.26 ms, found 2 plugins.
Preloading 0 native plugins for Editor in 0.00 ms.
Mono: successfully reloaded assembly
- Completed reload, in  0.759 seconds
Platform modules already initialized, skipping
Refreshing native plugins compatible for Editor in 0.26 ms, found 2 plugins.
Preloading 0 native plugins for Editor in 0.00 ms.
Unloading 1388 Unused Serialized files (Serialized files now loaded: 0)
System memory in use before: 65.0 MB.
System memory in use after: 65.0 MB.

Unloading 14 unused Assets to reduce memory usage. Loaded Objects now: 1928.
Total: 1.860300 ms (FindLiveObjects: 0.129700 ms CreateObjectMapping: 0.039200 ms MarkObjects: 1.614800 ms  DeleteObjects: 0.076000 ms)

========================================================================
Received Prepare
Registering precompiled user dll's ...
Registered in 0.002387 seconds.
Begin MonoManager ReloadAssembly
Native extension for WindowsStandalone target not found
Refreshing native plugins compatible for Editor in 0.27 ms, found 2 plugins.
Preloading 0 native plugins for Editor in 0.00 ms.
Mono: successfully reloaded assembly
- Completed reload, in  0.810 seconds
Platform modules already initialized, skipping
Refreshing native plugins compatible for Editor in 0.28 ms, found 2 plugins.
Preloading 0 native plugins for Editor in 0.00 ms.
Unloading 1388 Unused Serialized files (Serialized files now loaded: 0)
System memory in use before: 65.0 MB.
System memory in use after: 65.1 MB.

Unloading 14 unused Assets to reduce memory usage. Loaded Objects now: 1931.
Total: 1.622700 ms (FindLiveObjects: 0.146700 ms CreateObjectMapping: 0.040700 ms MarkObjects: 1.358500 ms  DeleteObjects: 0.076000 ms)

========================================================================
Received Prepare
Registering precompiled user dll's ...
Registered in 0.002622 seconds.
Begin MonoManager ReloadAssembly
Native extension for WindowsStandalone target not found
Refreshing native plugins compatible for Editor in 0.28 ms, found 2 plugins.
Preloading 0 native plugins for Editor in 0.00 ms.
Mono: successfully reloaded assembly
- Completed reload, in  0.752 seconds
Platform modules already initialized, skipping
Refreshing native plugins compatible for Editor in 0.27 ms, found 2 plugins.
Preloading 0 native plugins for Editor in 0.00 ms.
Unloading 1388 Unused Serialized files (Serialized files now loaded: 0)
System memory in use before: 65.0 MB.
System memory in use after: 65.1 MB.

Unloading 14 unused Assets to reduce memory usage. Loaded Objects now: 1934.
Total: 1.491000 ms (FindLiveObjects: 0.135800 ms CreateObjectMapping: 0.040100 ms MarkObjects: 1.276900 ms  DeleteObjects: 0.037500 ms)

========================================================================
Received Prepare
Registering precompiled user dll's ...
Registered in 0.002513 seconds.
Begin MonoManager ReloadAssembly
Native extension for WindowsStandalone target not found
Refreshing native plugins compatible for Editor in 0.26 ms, found 2 plugins.
Preloading 0 native plugins for Editor in 0.00 ms.
Mono: successfully reloaded assembly
- Completed reload, in  0.721 seconds
Platform modules already initialized, skipping
Refreshing native plugins compatible for Editor in 0.26 ms, found 2 plugins.
Preloading 0 native plugins for Editor in 0.00 ms.
Unloading 1388 Unused Serialized files (Serialized files now loaded: 0)
System memory in use before: 65.0 MB.
System memory in use after: 65.1 MB.

Unloading 14 unused Assets to reduce memory usage. Loaded Objects now: 1937.
Total: 1.551100 ms (FindLiveObjects: 0.131000 ms CreateObjectMapping: 0.039100 ms MarkObjects: 1.338300 ms  DeleteObjects: 0.042100 ms)

========================================================================
Received Prepare
Registering precompiled user dll's ...
Registered in 0.003005 seconds.
Begin MonoManager ReloadAssembly
Native extension for WindowsStandalone target not found
Refreshing native plugins compatible for Editor in 0.26 ms, found 2 plugins.
Preloading 0 native plugins for Editor in 0.00 ms.
Mono: successfully reloaded assembly
- Completed reload, in  0.719 seconds
Platform modules already initialized, skipping
Refreshing native plugins compatible for Editor in 0.25 ms, found 2 plugins.
Preloading 0 native plugins for Editor in 0.00 ms.
Unloading 1388 Unused Serialized files (Serialized files now loaded: 0)
System memory in use before: 65.0 MB.
System memory in use after: 65.1 MB.

Unloading 14 unused Assets to reduce memory usage. Loaded Objects now: 1940.
Total: 1.562800 ms (FindLiveObjects: 0.131100 ms CreateObjectMapping: 0.038800 ms MarkObjects: 1.319400 ms  DeleteObjects: 0.072700 ms)

========================================================================
Received Prepare
Registering precompiled user dll's ...
Registered in 0.002946 seconds.
Begin MonoManager ReloadAssembly
Native extension for WindowsStandalone target not found
Refreshing native plugins compatible for Editor in 0.28 ms, found 2 plugins.
Preloading 0 native plugins for Editor in 0.00 ms.
Mono: successfully reloaded assembly
- Completed reload, in  0.928 seconds
Platform modules already initialized, skipping
Refreshing native plugins compatible for Editor in 0.27 ms, found 2 plugins.
Preloading 0 native plugins for Editor in 0.00 ms.
Unloading 1388 Unused Serialized files (Serialized files now loaded: 0)
System memory in use before: 65.0 MB.
System memory in use after: 65.1 MB.

Unloading 14 unused Assets to reduce memory usage. Loaded Objects now: 1943.
Total: 1.679600 ms (FindLiveObjects: 0.131100 ms CreateObjectMapping: 0.040600 ms MarkObjects: 1.450400 ms  DeleteObjects: 0.056700 ms)

========================================================================
Received Import Request.
  Time since last request: 6727.342002 seconds.
  path: Assets/Scripts/BezierControlPointMode.cs
  artifactKey: Guid(bf32e5a7d746de74fa2b53704d287f1e) Importer(815301076,1909f56bfc062723c751e8b465ee728b)
Start importing Assets/Scripts/BezierControlPointMode.cs using Guid(bf32e5a7d746de74fa2b53704d287f1e) Importer(815301076,1909f56bfc062723c751e8b465ee728b)  -> (artifact id: '05346da096d4cf529a5204b00d8044a5') in 0.013843 seconds
  Import took 0.017802 seconds .

========================================================================
Received Prepare
Registering precompiled user dll's ...
Registered in 0.002767 seconds.
Begin MonoManager ReloadAssembly
Native extension for WindowsStandalone target not found
Refreshing native plugins compatible for Editor in 0.27 ms, found 2 plugins.
Preloading 0 native plugins for Editor in 0.00 ms.
Mono: successfully reloaded assembly
- Completed reload, in  0.779 seconds
Platform modules already initialized, skipping
Refreshing native plugins compatible for Editor in 0.27 ms, found 2 plugins.
Preloading 0 native plugins for Editor in 0.00 ms.
Unloading 1389 Unused Serialized files (Serialized files now loaded: 0)
System memory in use before: 65.0 MB.
System memory in use after: 65.1 MB.

Unloading 14 unused Assets to reduce memory usage. Loaded Objects now: 1947.
Total: 1.652300 ms (FindLiveObjects: 0.154500 ms CreateObjectMapping: 0.045300 ms MarkObjects: 1.372800 ms  DeleteObjects: 0.078800 ms)

========================================================================
Received Prepare
Registering precompiled user dll's ...
Registered in 0.004508 seconds.
Begin MonoManager ReloadAssembly
Native extension for WindowsStandalone target not found
Refreshing native plugins compatible for Editor in 0.27 ms, found 2 plugins.
Preloading 0 native plugins for Editor in 0.00 ms.
Mono: successfully reloaded assembly
- Completed reload, in  0.761 seconds
Platform modules already initialized, skipping
Refreshing native plugins compatible for Editor in 0.26 ms, found 2 plugins.
Preloading 0 native plugins for Editor in 0.00 ms.
Unloading 1389 Unused Serialized files (Serialized files now loaded: 0)
System memory in use before: 65.0 MB.
System memory in use after: 65.1 MB.

Unloading 14 unused Assets to reduce memory usage. Loaded Objects now: 1950.
Total: 1.629700 ms (FindLiveObjects: 0.140000 ms CreateObjectMapping: 0.037500 ms MarkObjects: 1.385800 ms  DeleteObjects: 0.065500 ms)

========================================================================
Received Import Request.
  Time since last request: 240.046766 seconds.
  path: Assets/Scripts/BezierControlPointMode.cs
  artifactKey: Guid(bf32e5a7d746de74fa2b53704d287f1e) Importer(815301076,1909f56bfc062723c751e8b465ee728b)
Start importing Assets/Scripts/BezierControlPointMode.cs using Guid(bf32e5a7d746de74fa2b53704d287f1e) Importer(815301076,1909f56bfc062723c751e8b465ee728b)  -> (artifact id: '4b9f4355db925ff1db82c6be9cdd0dcb') in 0.005281 seconds
  Import took 0.006986 seconds .

========================================================================
Received Import Request.
  Time since last request: 22.666827 seconds.
  path: Assets/Scripts/BezierSpline.cs
  artifactKey: Guid(bdddf0efc4ca36140ae425dcc939aa5e) Importer(815301076,1909f56bfc062723c751e8b465ee728b)
Start importing Assets/Scripts/BezierSpline.cs using Guid(bdddf0efc4ca36140ae425dcc939aa5e) Importer(815301076,1909f56bfc062723c751e8b465ee728b)  -> (artifact id: 'df4ad39aadf238ff27e3716e4b8cfab2') in 0.006441 seconds
  Import took 0.008385 seconds .

========================================================================
Received Import Request.
  Time since last request: 0.017996 seconds.
  path: Assets/Scripts/BezierSpline.cs
  artifactKey: Guid(bdddf0efc4ca36140ae425dcc939aa5e) Importer(815301076,1909f56bfc062723c751e8b465ee728b)
Start importing Assets/Scripts/BezierSpline.cs using Guid(bdddf0efc4ca36140ae425dcc939aa5e) Importer(815301076,1909f56bfc062723c751e8b465ee728b)  -> (artifact id: 'df4ad39aadf238ff27e3716e4b8cfab2') in 0.002522 seconds
  Import took 0.004572 seconds .

========================================================================
Received Import Request.
  Time since last request: 1.793693 seconds.
  path: Assets/Scripts/Bezier.cs
  artifactKey: Guid(df0c9e2b0fe9feb43a692061b546ae56) Importer(815301076,1909f56bfc062723c751e8b465ee728b)
Start importing Assets/Scripts/Bezier.cs using Guid(df0c9e2b0fe9feb43a692061b546ae56) Importer(815301076,1909f56bfc062723c751e8b465ee728b)  -> (artifact id: '75c279bcf0ef11c3cc37d1f4cd864c42') in 0.002516 seconds
  Import took 0.004701 seconds .

========================================================================
Received Prepare
Registering precompiled user dll's ...
Registered in 0.002633 seconds.
Begin MonoManager ReloadAssembly
Native extension for WindowsStandalone target not found
Refreshing native plugins compatible for Editor in 0.36 ms, found 2 plugins.
Preloading 0 native plugins for Editor in 0.00 ms.
Mono: successfully reloaded assembly
- Completed reload, in  0.737 seconds
Platform modules already initialized, skipping
Refreshing native plugins compatible for Editor in 0.28 ms, found 2 plugins.
Preloading 0 native plugins for Editor in 0.00 ms.
Unloading 1389 Unused Serialized files (Serialized files now loaded: 0)
System memory in use before: 65.0 MB.
System memory in use after: 65.1 MB.

Unloading 14 unused Assets to reduce memory usage. Loaded Objects now: 1953.
Total: 1.509800 ms (FindLiveObjects: 0.137300 ms CreateObjectMapping: 0.042600 ms MarkObjects: 1.290700 ms  DeleteObjects: 0.038400 ms)

========================================================================
Received Prepare
Registering precompiled user dll's ...
Registered in 0.002869 seconds.
Begin MonoManager ReloadAssembly
Native extension for WindowsStandalone target not found
Refreshing native plugins compatible for Editor in 0.29 ms, found 2 plugins.
Preloading 0 native plugins for Editor in 0.00 ms.
Mono: successfully reloaded assembly
- Completed reload, in  0.813 seconds
Platform modules already initialized, skipping
Refreshing native plugins compatible for Editor in 0.26 ms, found 2 plugins.
Preloading 0 native plugins for Editor in 0.00 ms.
Unloading 1389 Unused Serialized files (Serialized files now loaded: 0)
System memory in use before: 65.0 MB.
System memory in use after: 65.1 MB.

Unloading 14 unused Assets to reduce memory usage. Loaded Objects now: 1956.
Total: 1.539700 ms (FindLiveObjects: 0.140500 ms CreateObjectMapping: 0.042200 ms MarkObjects: 1.318600 ms  DeleteObjects: 0.037600 ms)

========================================================================
Received Prepare
Registering precompiled user dll's ...
Registered in 0.002570 seconds.
Begin MonoManager ReloadAssembly
Native extension for WindowsStandalone target not found
Refreshing native plugins compatible for Editor in 0.27 ms, found 2 plugins.
Preloading 0 native plugins for Editor in 0.00 ms.
Mono: successfully reloaded assembly
- Completed reload, in  0.755 seconds
Platform modules already initialized, skipping
Refreshing native plugins compatible for Editor in 0.27 ms, found 2 plugins.
Preloading 0 native plugins for Editor in 0.00 ms.
Unloading 1389 Unused Serialized files (Serialized files now loaded: 0)
System memory in use before: 65.0 MB.
System memory in use after: 65.1 MB.

Unloading 14 unused Assets to reduce memory usage. Loaded Objects now: 1959.
Total: 1.599400 ms (FindLiveObjects: 0.140600 ms CreateObjectMapping: 0.041900 ms MarkObjects: 1.374600 ms  DeleteObjects: 0.041200 ms)

========================================================================
Received Prepare
Registering precompiled user dll's ...
Registered in 0.002757 seconds.
Begin MonoManager ReloadAssembly
Native extension for WindowsStandalone target not found
Refreshing native plugins compatible for Editor in 0.28 ms, found 2 plugins.
Preloading 0 native plugins for Editor in 0.00 ms.
Mono: successfully reloaded assembly
- Completed reload, in  0.830 seconds
Platform modules already initialized, skipping
Refreshing native plugins compatible for Editor in 0.26 ms, found 2 plugins.
Preloading 0 native plugins for Editor in 0.00 ms.
Unloading 1389 Unused Serialized files (Serialized files now loaded: 0)
System memory in use before: 65.0 MB.
System memory in use after: 65.1 MB.

Unloading 14 unused Assets to reduce memory usage. Loaded Objects now: 1962.
Total: 1.597600 ms (FindLiveObjects: 0.130400 ms CreateObjectMapping: 0.037900 ms MarkObjects: 1.388500 ms  DeleteObjects: 0.040000 ms)

========================================================================
Received Prepare
Registering precompiled user dll's ...
Registered in 0.002458 seconds.
Begin MonoManager ReloadAssembly
Native extension for WindowsStandalone target not found
Refreshing native plugins compatible for Editor in 0.27 ms, found 2 plugins.
Preloading 0 native plugins for Editor in 0.00 ms.
Mono: successfully reloaded assembly
- Completed reload, in  0.812 seconds
Platform modules already initialized, skipping
Refreshing native plugins compatible for Editor in 0.28 ms, found 2 plugins.
Preloading 0 native plugins for Editor in 0.00 ms.
Unloading 1389 Unused Serialized files (Serialized files now loaded: 0)
System memory in use before: 65.1 MB.
System memory in use after: 65.1 MB.

Unloading 14 unused Assets to reduce memory usage. Loaded Objects now: 1965.
Total: 1.832400 ms (FindLiveObjects: 0.138900 ms CreateObjectMapping: 0.042100 ms MarkObjects: 1.536000 ms  DeleteObjects: 0.114700 ms)

========================================================================
Received Prepare
Registering precompiled user dll's ...
Registered in 0.003015 seconds.
Begin MonoManager ReloadAssembly
Native extension for WindowsStandalone target not found
Refreshing native plugins compatible for Editor in 0.29 ms, found 2 plugins.
Preloading 0 native plugins for Editor in 0.00 ms.
Mono: successfully reloaded assembly
- Completed reload, in  0.806 seconds
Platform modules already initialized, skipping
Refreshing native plugins compatible for Editor in 0.27 ms, found 2 plugins.
Preloading 0 native plugins for Editor in 0.00 ms.
Unloading 1389 Unused Serialized files (Serialized files now loaded: 0)
System memory in use before: 65.1 MB.
System memory in use after: 65.1 MB.

Unloading 14 unused Assets to reduce memory usage. Loaded Objects now: 1968.
Total: 1.631700 ms (FindLiveObjects: 0.146700 ms CreateObjectMapping: 0.041400 ms MarkObjects: 1.365600 ms  DeleteObjects: 0.055200 ms)

========================================================================
Received Import Request.
  Time since last request: 3680.457275 seconds.
  path: Assets/Scripts/SplineWalker.cs
  artifactKey: Guid(70e286e4da6bf684c9e8d2ee87de2667) Importer(815301076,1909f56bfc062723c751e8b465ee728b)
Start importing Assets/Scripts/SplineWalker.cs using Guid(70e286e4da6bf684c9e8d2ee87de2667) Importer(815301076,1909f56bfc062723c751e8b465ee728b)  -> (artifact id: '11a877fe4c916d3585bb21446c424fc8') in 0.014169 seconds
  Import took 0.016192 seconds .

========================================================================
Received Prepare
Registering precompiled user dll's ...
Registered in 0.002423 seconds.
Begin MonoManager ReloadAssembly
Native extension for WindowsStandalone target not found
Refreshing native plugins compatible for Editor in 0.26 ms, found 2 plugins.
Preloading 0 native plugins for Editor in 0.00 ms.
Mono: successfully reloaded assembly
- Completed reload, in  0.748 seconds
Platform modules already initialized, skipping
Refreshing native plugins compatible for Editor in 0.26 ms, found 2 plugins.
Preloading 0 native plugins for Editor in 0.00 ms.
Unloading 1390 Unused Serialized files (Serialized files now loaded: 0)
System memory in use before: 65.1 MB.
System memory in use after: 65.2 MB.

Unloading 14 unused Assets to reduce memory usage. Loaded Objects now: 1972.
Total: 1.648900 ms (FindLiveObjects: 0.127800 ms CreateObjectMapping: 0.038700 ms MarkObjects: 1.408900 ms  DeleteObjects: 0.072700 ms)

========================================================================
Received Prepare
Registering precompiled user dll's ...
Registered in 0.003132 seconds.
Begin MonoManager ReloadAssembly
Native extension for WindowsStandalone target not found
Refreshing native plugins compatible for Editor in 0.26 ms, found 2 plugins.
Preloading 0 native plugins for Editor in 0.00 ms.
Mono: successfully reloaded assembly
- Completed reload, in  0.759 seconds
Platform modules already initialized, skipping
Refreshing native plugins compatible for Editor in 0.26 ms, found 2 plugins.
Preloading 0 native plugins for Editor in 0.00 ms.
Unloading 1390 Unused Serialized files (Serialized files now loaded: 0)
System memory in use before: 65.1 MB.
System memory in use after: 65.2 MB.

Unloading 14 unused Assets to reduce memory usage. Loaded Objects now: 1975.
Total: 1.744900 ms (FindLiveObjects: 0.151200 ms CreateObjectMapping: 0.044300 ms MarkObjects: 1.478900 ms  DeleteObjects: 0.069700 ms)

========================================================================
Received Import Request.
  Time since last request: 56.480018 seconds.
  path: Assets/Scripts/SplineWalker.cs
  artifactKey: Guid(70e286e4da6bf684c9e8d2ee87de2667) Importer(815301076,1909f56bfc062723c751e8b465ee728b)
Start importing Assets/Scripts/SplineWalker.cs using Guid(70e286e4da6bf684c9e8d2ee87de2667) Importer(815301076,1909f56bfc062723c751e8b465ee728b)  -> (artifact id: 'd48daebfa9ff7c39e638e8594b8ba227') in 0.005703 seconds
  Import took 0.018966 seconds .

========================================================================
Received Prepare
Registering precompiled user dll's ...
Registered in 0.002560 seconds.
Begin MonoManager ReloadAssembly
Native extension for WindowsStandalone target not found
Refreshing native plugins compatible for Editor in 0.26 ms, found 2 plugins.
Preloading 0 native plugins for Editor in 0.00 ms.
Mono: successfully reloaded assembly
- Completed reload, in  0.714 seconds
Platform modules already initialized, skipping
Refreshing native plugins compatible for Editor in 0.26 ms, found 2 plugins.
Preloading 0 native plugins for Editor in 0.00 ms.
Unloading 1390 Unused Serialized files (Serialized files now loaded: 0)
System memory in use before: 65.1 MB.
System memory in use after: 65.2 MB.

Unloading 14 unused Assets to reduce memory usage. Loaded Objects now: 1978.
Total: 1.573900 ms (FindLiveObjects: 0.136100 ms CreateObjectMapping: 0.041200 ms MarkObjects: 1.322700 ms  DeleteObjects: 0.072900 ms)

========================================================================
Received Prepare
Registering precompiled user dll's ...
Registered in 0.002455 seconds.
Begin MonoManager ReloadAssembly
Native extension for WindowsStandalone target not found
Refreshing native plugins compatible for Editor in 0.26 ms, found 2 plugins.
Preloading 0 native plugins for Editor in 0.00 ms.
Mono: successfully reloaded assembly
- Completed reload, in  0.778 seconds
Platform modules already initialized, skipping
Refreshing native plugins compatible for Editor in 0.31 ms, found 2 plugins.
Preloading 0 native plugins for Editor in 0.00 ms.
Unloading 1390 Unused Serialized files (Serialized files now loaded: 0)
System memory in use before: 65.1 MB.
System memory in use after: 65.2 MB.

Unloading 14 unused Assets to reduce memory usage. Loaded Objects now: 1981.
Total: 1.724700 ms (FindLiveObjects: 0.202100 ms CreateObjectMapping: 0.043300 ms MarkObjects: 1.387500 ms  DeleteObjects: 0.090800 ms)

========================================================================
Received Prepare
Registering precompiled user dll's ...
Registered in 0.002700 seconds.
Begin MonoManager ReloadAssembly
Native extension for WindowsStandalone target not found
Refreshing native plugins compatible for Editor in 0.27 ms, found 2 plugins.
Preloading 0 native plugins for Editor in 0.00 ms.
Mono: successfully reloaded assembly
- Completed reload, in  0.722 seconds
Platform modules already initialized, skipping
Refreshing native plugins compatible for Editor in 0.27 ms, found 2 plugins.
Preloading 0 native plugins for Editor in 0.00 ms.
Unloading 1390 Unused Serialized files (Serialized files now loaded: 0)
System memory in use before: 65.1 MB.
System memory in use after: 65.2 MB.

Unloading 14 unused Assets to reduce memory usage. Loaded Objects now: 1984.
Total: 1.694700 ms (FindLiveObjects: 0.162900 ms CreateObjectMapping: 0.041800 ms MarkObjects: 1.446900 ms  DeleteObjects: 0.042300 ms)

========================================================================
Received Prepare
Registering precompiled user dll's ...
Registered in 0.002539 seconds.
Begin MonoManager ReloadAssembly
Native extension for WindowsStandalone target not found
Refreshing native plugins compatible for Editor in 0.27 ms, found 2 plugins.
Preloading 0 native plugins for Editor in 0.00 ms.
Mono: successfully reloaded assembly
- Completed reload, in  0.769 seconds
Platform modules already initialized, skipping
Refreshing native plugins compatible for Editor in 0.27 ms, found 2 plugins.
Preloading 0 native plugins for Editor in 0.00 ms.
Unloading 1390 Unused Serialized files (Serialized files now loaded: 0)
System memory in use before: 65.1 MB.
System memory in use after: 65.2 MB.

Unloading 14 unused Assets to reduce memory usage. Loaded Objects now: 1987.
Total: 1.915800 ms (FindLiveObjects: 0.146500 ms CreateObjectMapping: 0.038100 ms MarkObjects: 1.621300 ms  DeleteObjects: 0.109100 ms)

========================================================================
Received Prepare
Registering precompiled user dll's ...
Registered in 0.002997 seconds.
Begin MonoManager ReloadAssembly
Native extension for WindowsStandalone target not found
Refreshing native plugins compatible for Editor in 0.27 ms, found 2 plugins.
Preloading 0 native plugins for Editor in 0.00 ms.
Mono: successfully reloaded assembly
- Completed reload, in  0.763 seconds
Platform modules already initialized, skipping
Refreshing native plugins compatible for Editor in 0.26 ms, found 2 plugins.
Preloading 0 native plugins for Editor in 0.00 ms.
Unloading 1390 Unused Serialized files (Serialized files now loaded: 0)
System memory in use before: 65.1 MB.
System memory in use after: 65.2 MB.

Unloading 14 unused Assets to reduce memory usage. Loaded Objects now: 1990.
Total: 1.701800 ms (FindLiveObjects: 0.147900 ms CreateObjectMapping: 0.042100 ms MarkObjects: 1.473500 ms  DeleteObjects: 0.037500 ms)

========================================================================
Received Prepare
Registering precompiled user dll's ...
Registered in 0.002371 seconds.
Begin MonoManager ReloadAssembly
Native extension for WindowsStandalone target not found
Refreshing native plugins compatible for Editor in 0.40 ms, found 2 plugins.
Preloading 0 native plugins for Editor in 0.00 ms.
Mono: successfully reloaded assembly
- Completed reload, in  0.747 seconds
Platform modules already initialized, skipping
Refreshing native plugins compatible for Editor in 0.26 ms, found 2 plugins.
Preloading 0 native plugins for Editor in 0.00 ms.
Unloading 1390 Unused Serialized files (Serialized files now loaded: 0)
System memory in use before: 65.1 MB.
System memory in use after: 65.2 MB.

Unloading 14 unused Assets to reduce memory usage. Loaded Objects now: 1993.
Total: 1.589900 ms (FindLiveObjects: 0.138800 ms CreateObjectMapping: 0.042000 ms MarkObjects: 1.334400 ms  DeleteObjects: 0.073800 ms)

========================================================================
Received Import Request.
  Time since last request: 255.274924 seconds.
  path: Assets/Scripts/SplineWalkerMode.cs
  artifactKey: Guid(ed38ae785b305314d97ade706b51f7ec) Importer(815301076,1909f56bfc062723c751e8b465ee728b)
Start importing Assets/Scripts/SplineWalkerMode.cs using Guid(ed38ae785b305314d97ade706b51f7ec) Importer(815301076,1909f56bfc062723c751e8b465ee728b)  -> (artifact id: '360078ea15c68c614d66d0e6e1e0897e') in 0.013540 seconds
  Import took 0.015745 seconds .

========================================================================
Received Prepare
Registering precompiled user dll's ...
Registered in 0.002468 seconds.
Begin MonoManager ReloadAssembly
Native extension for WindowsStandalone target not found
Refreshing native plugins compatible for Editor in 0.26 ms, found 2 plugins.
Preloading 0 native plugins for Editor in 0.00 ms.
Mono: successfully reloaded assembly
- Completed reload, in  0.787 seconds
Platform modules already initialized, skipping
Refreshing native plugins compatible for Editor in 0.26 ms, found 2 plugins.
Preloading 0 native plugins for Editor in 0.00 ms.
Unloading 1391 Unused Serialized files (Serialized files now loaded: 0)
System memory in use before: 65.2 MB.
System memory in use after: 65.2 MB.

Unloading 14 unused Assets to reduce memory usage. Loaded Objects now: 1997.
Total: 1.585400 ms (FindLiveObjects: 0.138700 ms CreateObjectMapping: 0.041000 ms MarkObjects: 1.304900 ms  DeleteObjects: 0.100000 ms)

========================================================================
Received Prepare
Registering precompiled user dll's ...
Registered in 0.002604 seconds.
Begin MonoManager ReloadAssembly
Native extension for WindowsStandalone target not found
Refreshing native plugins compatible for Editor in 0.26 ms, found 2 plugins.
Preloading 0 native plugins for Editor in 0.00 ms.
Mono: successfully reloaded assembly
- Completed reload, in  0.742 seconds
Platform modules already initialized, skipping
Refreshing native plugins compatible for Editor in 0.26 ms, found 2 plugins.
Preloading 0 native plugins for Editor in 0.00 ms.
Unloading 1391 Unused Serialized files (Serialized files now loaded: 0)
System memory in use before: 65.2 MB.
System memory in use after: 65.2 MB.

Unloading 14 unused Assets to reduce memory usage. Loaded Objects now: 2000.
Total: 1.524000 ms (FindLiveObjects: 0.143500 ms CreateObjectMapping: 0.042300 ms MarkObjects: 1.298800 ms  DeleteObjects: 0.038200 ms)

========================================================================
Received Import Request.
  Time since last request: 37.890005 seconds.
  path: Assets/Scripts/SplineWalkerMode.cs
  artifactKey: Guid(ed38ae785b305314d97ade706b51f7ec) Importer(815301076,1909f56bfc062723c751e8b465ee728b)
Start importing Assets/Scripts/SplineWalkerMode.cs using Guid(ed38ae785b305314d97ade706b51f7ec) Importer(815301076,1909f56bfc062723c751e8b465ee728b)  -> (artifact id: '5093424645024ab046aa067dd217a2cd') in 0.004072 seconds
  Import took 0.006402 seconds .

========================================================================
Received Prepare
Registering precompiled user dll's ...
Registered in 0.002450 seconds.
Begin MonoManager ReloadAssembly
Native extension for WindowsStandalone target not found
Refreshing native plugins compatible for Editor in 0.27 ms, found 2 plugins.
Preloading 0 native plugins for Editor in 0.00 ms.
Mono: successfully reloaded assembly
- Completed reload, in  0.792 seconds
Platform modules already initialized, skipping
Refreshing native plugins compatible for Editor in 0.27 ms, found 2 plugins.
Preloading 0 native plugins for Editor in 0.00 ms.
Unloading 1391 Unused Serialized files (Serialized files now loaded: 0)
System memory in use before: 65.2 MB.
System memory in use after: 65.3 MB.

Unloading 14 unused Assets to reduce memory usage. Loaded Objects now: 2003.
Total: 1.684500 ms (FindLiveObjects: 0.145000 ms CreateObjectMapping: 0.038100 ms MarkObjects: 1.427100 ms  DeleteObjects: 0.073300 ms)

========================================================================
Received Prepare
Registering precompiled user dll's ...
Registered in 0.002695 seconds.
Begin MonoManager ReloadAssembly
Native extension for WindowsStandalone target not found
Refreshing native plugins compatible for Editor in 0.26 ms, found 2 plugins.
Preloading 0 native plugins for Editor in 0.00 ms.
Mono: successfully reloaded assembly
- Completed reload, in  0.739 seconds
Platform modules already initialized, skipping
Refreshing native plugins compatible for Editor in 0.26 ms, found 2 plugins.
Preloading 0 native plugins for Editor in 0.00 ms.
Unloading 1391 Unused Serialized files (Serialized files now loaded: 0)
System memory in use before: 65.2 MB.
System memory in use after: 65.3 MB.

Unloading 14 unused Assets to reduce memory usage. Loaded Objects now: 2006.
Total: 1.764700 ms (FindLiveObjects: 0.142200 ms CreateObjectMapping: 0.040200 ms MarkObjects: 1.505600 ms  DeleteObjects: 0.055700 ms)

========================================================================
Received Import Request.
  Time since last request: 173.572735 seconds.
  path: Assets/Scripts/SplineDecorator.cs
  artifactKey: Guid(106537e0cb96e4a4491bb9de15de15f6) Importer(815301076,1909f56bfc062723c751e8b465ee728b)
Start importing Assets/Scripts/SplineDecorator.cs using Guid(106537e0cb96e4a4491bb9de15de15f6) Importer(815301076,1909f56bfc062723c751e8b465ee728b)  -> (artifact id: '9df0bfa9e92e7286b59bd99813948208') in 0.012433 seconds
  Import took 0.014979 seconds .

========================================================================
Received Import Request.
  Time since last request: 0.001330 seconds.
  path: Assets/Scripts/SplineDecorator.cs
  artifactKey: Guid(106537e0cb96e4a4491bb9de15de15f6) Importer(815301076,1909f56bfc062723c751e8b465ee728b)
Start importing Assets/Scripts/SplineDecorator.cs using Guid(106537e0cb96e4a4491bb9de15de15f6) Importer(815301076,1909f56bfc062723c751e8b465ee728b)  -> (artifact id: '9df0bfa9e92e7286b59bd99813948208') in 0.002482 seconds
  Import took 0.007345 seconds .

========================================================================
Received Prepare
Registering precompiled user dll's ...
Registered in 0.002364 seconds.
Begin MonoManager ReloadAssembly
Native extension for WindowsStandalone target not found
Refreshing native plugins compatible for Editor in 0.27 ms, found 2 plugins.
Preloading 0 native plugins for Editor in 0.00 ms.
Mono: successfully reloaded assembly
- Completed reload, in  0.799 seconds
Platform modules already initialized, skipping
Refreshing native plugins compatible for Editor in 0.27 ms, found 2 plugins.
Preloading 0 native plugins for Editor in 0.00 ms.
Unloading 1392 Unused Serialized files (Serialized files now loaded: 0)
System memory in use before: 65.2 MB.
System memory in use after: 65.3 MB.

Unloading 14 unused Assets to reduce memory usage. Loaded Objects now: 2010.
Total: 2.629600 ms (FindLiveObjects: 0.263900 ms CreateObjectMapping: 0.085200 ms MarkObjects: 2.222800 ms  DeleteObjects: 0.056500 ms)

========================================================================
Received Prepare
Registering precompiled user dll's ...
Registered in 0.002697 seconds.
Begin MonoManager ReloadAssembly
Native extension for WindowsStandalone target not found
Refreshing native plugins compatible for Editor in 0.26 ms, found 2 plugins.
Preloading 0 native plugins for Editor in 0.00 ms.
Mono: successfully reloaded assembly
- Completed reload, in  0.803 seconds
Platform modules already initialized, skipping
Refreshing native plugins compatible for Editor in 0.27 ms, found 2 plugins.
Preloading 0 native plugins for Editor in 0.00 ms.
Unloading 1392 Unused Serialized files (Serialized files now loaded: 0)
System memory in use before: 65.2 MB.
System memory in use after: 65.3 MB.

Unloading 14 unused Assets to reduce memory usage. Loaded Objects now: 2013.
Total: 2.040300 ms (FindLiveObjects: 0.151300 ms CreateObjectMapping: 0.040600 ms MarkObjects: 1.752900 ms  DeleteObjects: 0.094800 ms)

========================================================================
Received Import Request.
  Time since last request: 62.281529 seconds.
  path: Assets/Scripts/SplineDecorator.cs
  artifactKey: Guid(106537e0cb96e4a4491bb9de15de15f6) Importer(815301076,1909f56bfc062723c751e8b465ee728b)
Start importing Assets/Scripts/SplineDecorator.cs using Guid(106537e0cb96e4a4491bb9de15de15f6) Importer(815301076,1909f56bfc062723c751e8b465ee728b)  -> (artifact id: '6bd633ca0b7445f774615e5ae8c5dfd5') in 0.006332 seconds
  Import took 0.008023 seconds .

========================================================================
Received Import Request.
  Time since last request: 16.495077 seconds.
  path: Assets/Prefabs
  artifactKey: Guid(531afb818b0523e428b72cd7b7fc63e4) Importer(815301076,1909f56bfc062723c751e8b465ee728b)
Start importing Assets/Prefabs using Guid(531afb818b0523e428b72cd7b7fc63e4) Importer(815301076,1909f56bfc062723c751e8b465ee728b)  -> (artifact id: '19a2aceee01a26e5f53039905b4804df') in 0.011654 seconds
  Import took 0.013796 seconds .

========================================================================
Received Import Request.
  Time since last request: 2.482384 seconds.
  path: Assets/Prefabs/Cylinder.prefab
  artifactKey: Guid(713c9b76f10211641b718989a394beb1) Importer(815301076,1909f56bfc062723c751e8b465ee728b)
Start importing Assets/Prefabs/Cylinder.prefab using Guid(713c9b76f10211641b718989a394beb1) Importer(815301076,1909f56bfc062723c751e8b465ee728b)  -> (artifact id: '3e077be51ee9f840b59e436651424c76') in 0.151779 seconds
  Import took 0.154134 seconds .

========================================================================
Received Import Request.
  Time since last request: 37.817717 seconds.
  path: Assets/Scripts/SplineWalker.cs
  artifactKey: Guid(70e286e4da6bf684c9e8d2ee87de2667) Importer(815301076,1909f56bfc062723c751e8b465ee728b)
Start importing Assets/Scripts/SplineWalker.cs using Guid(70e286e4da6bf684c9e8d2ee87de2667) Importer(815301076,1909f56bfc062723c751e8b465ee728b)  -> (artifact id: '06aac1da75911522c706e14e0e16f2e9') in 0.002982 seconds
  Import took 0.005424 seconds .

========================================================================
Received Import Request.
  Time since last request: 0.000415 seconds.
  path: Assets/Scripts/SplineWalker.cs
  artifactKey: Guid(70e286e4da6bf684c9e8d2ee87de2667) Importer(815301076,1909f56bfc062723c751e8b465ee728b)
Start importing Assets/Scripts/SplineWalker.cs using Guid(70e286e4da6bf684c9e8d2ee87de2667) Importer(815301076,1909f56bfc062723c751e8b465ee728b)  -> (artifact id: '06aac1da75911522c706e14e0e16f2e9') in 0.003841 seconds
  Import took 0.007703 seconds .

========================================================================
Received Import Request.
  Time since last request: 36.484275 seconds.
  path: Assets/Prefabs/Capsule.prefab
  artifactKey: Guid(9350340920e88e24c8e047be2223f99b) Importer(815301076,1909f56bfc062723c751e8b465ee728b)
Start importing Assets/Prefabs/Capsule.prefab using Guid(9350340920e88e24c8e047be2223f99b) Importer(815301076,1909f56bfc062723c751e8b465ee728b)  -> (artifact id: 'e2d06f038bc889ec88b09a21edb1532e') in 0.015567 seconds
  Import took 0.018300 seconds .

========================================================================
Received Import Request.
  Time since last request: 4.376654 seconds.
  path: Assets/Sphere.prefab
  artifactKey: Guid(308cdb446c4517d498f65a6ca208c52f) Importer(815301076,1909f56bfc062723c751e8b465ee728b)
Start importing Assets/Sphere.prefab using Guid(308cdb446c4517d498f65a6ca208c52f) Importer(815301076,1909f56bfc062723c751e8b465ee728b)  -> (artifact id: '1a626d21a49957fd38202716d40223f5') in 0.015858 seconds
  Import took 0.018316 seconds .

========================================================================
Received Prepare
Registering precompiled user dll's ...
Registered in 0.002560 seconds.
Begin MonoManager ReloadAssembly
Native extension for WindowsStandalone target not found
Refreshing native plugins compatible for Editor in 0.27 ms, found 2 plugins.
Preloading 0 native plugins for Editor in 0.00 ms.
Mono: successfully reloaded assembly
- Completed reload, in  0.747 seconds
Platform modules already initialized, skipping
Refreshing native plugins compatible for Editor in 0.26 ms, found 2 plugins.
Preloading 0 native plugins for Editor in 0.00 ms.
Unloading 1392 Unused Serialized files (Serialized files now loaded: 0)
System memory in use before: 68.4 MB.
System memory in use after: 68.5 MB.

Unloading 15 unused Assets to reduce memory usage. Loaded Objects now: 2026.
Total: 1.635800 ms (FindLiveObjects: 0.140600 ms CreateObjectMapping: 0.040900 ms MarkObjects: 1.414700 ms  DeleteObjects: 0.038800 ms)

========================================================================
Received Prepare
Registering precompiled user dll's ...
Registered in 0.002360 seconds.
Begin MonoManager ReloadAssembly
Native extension for WindowsStandalone target not found
Refreshing native plugins compatible for Editor in 0.27 ms, found 2 plugins.
Preloading 0 native plugins for Editor in 0.00 ms.
Mono: successfully reloaded assembly
- Completed reload, in  0.741 seconds
Platform modules already initialized, skipping
Refreshing native plugins compatible for Editor in 0.26 ms, found 2 plugins.
Preloading 0 native plugins for Editor in 0.00 ms.
Unloading 1392 Unused Serialized files (Serialized files now loaded: 0)
System memory in use before: 68.4 MB.
System memory in use after: 68.5 MB.

Unloading 14 unused Assets to reduce memory usage. Loaded Objects now: 2029.
Total: 1.859300 ms (FindLiveObjects: 0.140800 ms CreateObjectMapping: 0.040800 ms MarkObjects: 1.591700 ms  DeleteObjects: 0.085200 ms)

AssetImportWorkerClient::OnTransportError - code=2 error=End of file
